[samandsounds.com/index.html]
[backblue.gif]
[fade.gif]
[index.html]
[samandsounds.com/wp-includes/css/dist/block-library/style.min5697.css]
[fonts.googleapis.com/index.html]
[samandsounds.com/wp-content/plugins/contact-form-7/includes/css/styles7923.css]
[samandsounds.com/wp-content/plugins/vex-toolkit/assets/vendors/basicLightbox/basicLightbox.min5697.css]
[samandsounds.com/wp-content/plugins/vex-toolkit/assets/css/frontend-toolkit5697.css]
[samandsounds.com/wp-content/themes/vex/icons/icomoon5697.css]
[samandsounds.com/feed/index.html]
[samandsounds.com/comments/feed/index.html]
[samandsounds.com/wp-content/themes/vex/style5697.css]
[samandsounds.com/wp-content/plugins/newsletter/style823d.css]
[samandsounds.com/wp-content/plugins/elementor/assets/lib/eicons/css/elementor-icons.min74e5.css]
[samandsounds.com/wp-content/plugins/elementor/assets/lib/animations/animations.minc578.css]
[samandsounds.com/wp-content/plugins/elementor/assets/css/frontend-legacy.minc578.css]
[samandsounds.com/wp-content/plugins/elementor/assets/css/frontend.minc578.css]
[samandsounds.com/wp-content/uploads/elementor/css/post-53458fc.css]
[samandsounds.com/wp-json/wp/v2/pages/374.json]
[samandsounds.com/wp-includes/js/jquery/jquery4a5f.js]
[samandsounds.com/wp-json/index.html]
[samandsounds.com/xmlrpc0db0.php]
[samandsounds.com/wp-includes/wlwmanifest.xml]
[samandsounds.com/wp-json/oembed/1.0/embeddadd.json]
[samandsounds.com/wp-json/oembed/1.0/embed2bf7]
[www.googletagmanager.com/gtag/js22a1]
[samandsounds.com/wp-content/uploads/2020/04/logo.png]
[samandsounds.com/wp-content/uploads/2020/07/new-parallax-bg.jpg]
[samandsounds.com/album/sams-sounds/index.html]
[samandsounds.com/about/index.html]
[samandsounds.com/photos/index.html]
[samandsounds.com/wp-content/uploads/2020/07/parallax-layer1.png]
[samandsounds.com/addicted-to-you-sam-and-sounds/index.html]
[samandsounds.com/newsletter/index.html]
[samandsounds.com/contact/index.html]
[www.facebook.com/iamsamandsounds/index.html]
[www.youtube.com/channel/UC_9XIWriOUiRtuTR3GPWlEg.html]
[open.spotify.com/track/4c9353f3wlw6WTk3qWdTrccfdd.html]
[twitter.com/sam_and_sounds/index.html]
[samandsounds.com/wp-content/plugins/contact-form-7/includes/js/scripts7923.js]
[samandsounds.com/wp-content/plugins/vex-toolkit/assets/vendors/basicLightbox/basicLightbox.min5697.js]
[samandsounds.com/wp-content/plugins/vex-toolkit/assets/js/frontend-toolkit5697.js]
[samandsounds.com/wp-content/themes/vex/js/gsap.min5697.js]
[samandsounds.com/wp-content/themes/vex/js/smooth-scrollbar.min5697.js]
[samandsounds.com/wp-content/themes/vex/js/threefx5697.js]
[samandsounds.com/wp-content/themes/vex/js/axloader5697.js]
[samandsounds.com/wp-content/themes/vex/js/three.min5697.js]
[samandsounds.com/wp-content/themes/vex/js/theme5697.js]
[samandsounds.com/wp-includes/js/wp-embed.min5697.js]
[samandsounds.com/index.html]
[fonts.googleapis.com/index.html]
[s.w.org/index.html]
[samandsounds.com/wp-includes/css/dist/block-library/style.min5697.css]
[samandsounds.com/wp-content/plugins/contact-form-7/assets/ajax-loader.gif]
[samandsounds.com/wp-content/plugins/contact-form-7/includes/css/styles7923.css]
[samandsounds.com/wp-content/plugins/vex-toolkit/assets/vendors/basicLightbox/basicLightbox.min5697.css]
[samandsounds.com/wp-content/plugins/vex-toolkit/assets/css/frontend-toolkit5697.css]
[fonts.googleapis.com/css3830.css]
[samandsounds.com/wp-content/themes/vex/icons/fonts/icomoon.ttf]
[samandsounds.com/wp-content/themes/vex/icons/fonts/icomoon.woff]
[samandsounds.com/wp-content/themes/vex/icons/icomoon5697.css]
[samandsounds.com/wp-content/themes/vex/style5697.css]
[samandsounds.com/wp-content/plugins/newsletter/style823d.css]
[samandsounds.com/wp-content/themes/vex/images/lines.svg]
[samandsounds.com/wp-content/themes/vex/icons/fonts/icomoon.svg]
[samandsounds.com/wp-content/plugins/elementor/assets/lib/eicons/fonts/eiconsc2cd.eot]
[samandsounds.com/wp-content/plugins/elementor/assets/lib/eicons/fonts/eiconsc2cd.woff2]
[samandsounds.com/wp-content/plugins/elementor/assets/lib/eicons/fonts/eiconsc2cd.woff]
[samandsounds.com/wp-content/plugins/elementor/assets/lib/eicons/fonts/eiconsc2cd.ttf]
[samandsounds.com/wp-content/plugins/elementor/assets/lib/eicons/css/elementor-icons.min74e5.css]
[samandsounds.com/wp-content/plugins/elementor/assets/lib/animations/animations.minc578.css]
[samandsounds.com/wp-content/plugins/elementor/assets/css/frontend-legacy.minc578.css]
[samandsounds.com/wp-content/plugins/elementor/assets/css/frontend.minc578.css]
[samandsounds.com/wp-content/uploads/elementor/css/post-53458fc.css]
[samandsounds.com/wp-content/plugins/elementor/assets/lib/eicons/fonts/eiconsc2cd.svg]
[fonts.googleapis.com/csse742.css]
[samandsounds.com/wp-json/wp/v2/vex_albums/562.json]
[samandsounds.com/wp-json/oembed/1.0/embed40f0.json]
[samandsounds.com/wp-json/oembed/1.0/embedabc1]
[samandsounds.com/wp-content/uploads/2020/04/new-parallax-bg-2.jpg]
[samandsounds.com/wp-content/uploads/2020/04/SAS_20July2020-5278-retouched-650x650.jpg]
[samandsounds.com/album/sams-sounds/index.html]
[samandsounds.com/wp-json/wp/v2/pages/395.json]
[samandsounds.com/wp-json/oembed/1.0/embed270b.json]
[samandsounds.com/wp-json/oembed/1.0/embed3e71]
[samandsounds.com/wp-content/uploads/2020/07/new-parallax-bg-31.jpg]
[samandsounds.com/wp-content/plugins/elementor/assets/js/frontend-modules.minc578.js]
[samandsounds.com/wp-includes/js/jquery/ui/position.mine899.js]
[samandsounds.com/wp-content/plugins/elementor/assets/lib/dialog/dialog.mina288.js]
[samandsounds.com/wp-content/plugins/elementor/assets/lib/waypoints/waypoints.min05da.js]
[samandsounds.com/wp-content/plugins/elementor/assets/lib/swiper/swiper.min48f5.js]
[samandsounds.com/wp-content/plugins/elementor/assets/lib/share-link/share-link.minc578.js]
[samandsounds.com/about/index.html]
[samandsounds.com/wp-content/plugins/elementor/assets/js/frontend.minc578.js]
[samandsounds.com/wp-json/wp/v2/pages/394.json]
[samandsounds.com/wp-json/oembed/1.0/embed7914.json]
[samandsounds.com/wp-json/oembed/1.0/embedc6a5]
[samandsounds.com/wp-content/uploads/2020/07/SAS_20July2020-5339_1000px-836x522.jpg]
[samandsounds.com/wp-content/uploads/2020/07/SAS_20July2020-5339_1000px.jpg]
[samandsounds.com/wp-content/uploads/2020/07/SAS_20July2020-5306_1000px-836x522.jpg]
[samandsounds.com/wp-content/uploads/2020/07/SAS_20July2020-5306_1000px.jpg]
[samandsounds.com/wp-content/uploads/2020/07/SAS_20July2020-5290-2_1000px-836x522.jpg]
[samandsounds.com/wp-content/uploads/2020/07/SAS_20July2020-5290-2_1000px.jpg]
[samandsounds.com/wp-content/uploads/2020/07/SAS_20July2020-5278_1000px-836x522.jpg]
[samandsounds.com/wp-content/uploads/2020/07/SAS_20July2020-5278_1000px.jpg]
[samandsounds.com/wp-content/uploads/2020/07/SAS_20July2020-5194_1000px-836x522.jpg]
[samandsounds.com/wp-content/uploads/2020/07/SAS_20July2020-5194_1000px.jpg]
[samandsounds.com/wp-content/uploads/2020/07/SAS_20July2020-5186_1000px-836x522.jpg]
[samandsounds.com/wp-content/uploads/2020/07/SAS_20July2020-5186_1000px.jpg]
[samandsounds.com/wp-content/uploads/2020/07/SAS_20July2020-5002_1000px-836x522.jpg]
[samandsounds.com/wp-content/uploads/2020/07/SAS_20July2020-5002_1000px.jpg]
[samandsounds.com/wp-content/uploads/2020/07/SAS_20July2020-4967_1000px-836x522.jpg]
[samandsounds.com/wp-content/uploads/2020/07/SAS_20July2020-4967_1000px.jpg]
[samandsounds.com/wp-content/uploads/2020/07/SAS_20July2020-4948_1000px-836x522.jpg]
[samandsounds.com/wp-content/uploads/2020/07/SAS_20July2020-4948_1000px.jpg]
[samandsounds.com/wp-content/uploads/2020/07/SAS_20July2020-4940_1000px-836x522.jpg]
[samandsounds.com/wp-content/uploads/2020/07/SAS_20July2020-4940_1000px.jpg]
[samandsounds.com/wp-content/uploads/2020/07/SAS_20July2020-4908_1000px-836x522.jpg]
[samandsounds.com/wp-content/uploads/2020/07/SAS_20July2020-4908_1000px.jpg]
[samandsounds.com/wp-content/uploads/2020/07/SAS_20July2020-4717_1000px-836x522.jpg]
[samandsounds.com/wp-content/uploads/2020/07/SAS_20July2020-4717_1000px.jpg]
[samandsounds.com/wp-content/uploads/2020/07/SAS_20July2020-4492_1000px-836x522.jpg]
[samandsounds.com/wp-content/uploads/2020/07/SAS_20July2020-4492_1000px.jpg]
[samandsounds.com/wp-content/uploads/2020/07/SAS_20July2020-4234_1000px-836x522.jpg]
[samandsounds.com/wp-content/uploads/2020/07/SAS_20July2020-4234_1000px.jpg]
[samandsounds.com/wp-content/uploads/2020/07/SAS_20July2020-3924_1000px-836x522.jpg]
[samandsounds.com/wp-content/uploads/2020/07/SAS_20July2020-3924_1000px.jpg]
[samandsounds.com/wp-content/uploads/2020/07/SAS_20July2020-3898_1000px-836x522.jpg]
[samandsounds.com/wp-content/uploads/2020/07/SAS_20July2020-3898_1000px.jpg]
[samandsounds.com/wp-content/uploads/2020/07/SAS_20July2020-3871_1000px-836x522.jpg]
[samandsounds.com/wp-content/uploads/2020/07/SAS_20July2020-3871_1000px.jpg]
[samandsounds.com/photos/index.html]
[samandsounds.com/wp-json/wp/v2/posts/663.json]
[samandsounds.com/addicted-to-you-sam-and-sounds/feed/index.html]
[samandsounds.com/wp-json/oembed/1.0/embedfea1.json]
[samandsounds.com/wp-json/oembed/1.0/embed7495]
[samandsounds.com/wp-includes/js/comment-reply.min5697.js]
[samandsounds.com/addicted-to-you-sam-and-sounds/index.html]
[samandsounds.com/category/addicted-to-you/index.html]
[samandsounds.com/addicted-to-you-sam-and-sounds/indexec27.html]
[samandsounds.com/addicted-to-you-sam-and-sounds/indexdefb.html]
[samandsounds.com/wp-json/wp/v2/pages/650.json]
[samandsounds.com/addicted-to-you-sam-and-sounds/index6d69.html]
[samandsounds.com/wp-json/oembed/1.0/embed2327.json]
[samandsounds.com/newsletter/index.html]
[samandsounds.com/wp-json/oembed/1.0/embed41b1]
[samandsounds.com/wp-json/wp/v2/pages/72.json]
[samandsounds.com/wp-json/oembed/1.0/embed1243.json]
[samandsounds.com/contact/index.html]
[samandsounds.com/wp-json/oembed/1.0/embed3d09]
[www.instagram.com/sam_and_sounds/index.html]
[www.facebook.com/iamsamandsounds/index.html]
[twitter.com/sam_and_sounds/index.html]
[www.youtube.com/s/desktop/d743f786/img/favicon_32.png]
[www.youtube.com/s/desktop/d743f786/img/favicon_48.png]
[www.youtube.com/s/desktop/d743f786/img/favicon_96.png]
[www.youtube.com/s/desktop/d743f786/img/favicon_144.png]
[www.youtube.com/s/desktop/d743f786/jsbin/web-animations-next-lite.min.vflset/web-animations-next-lite.min.js]
[www.youtube.com/s/desktop/d743f786/jsbin/webcomponents-lite-noPatch.vflset/webcomponents-lite-noPatch.js]
[www.youtube.com/s/desktop/d743f786/jsbin/fetch-polyfill.vflset/fetch-polyfill.js]
[www.youtube.com/s/desktop/d743f786/jsbin/scheduler.vflset/scheduler.js]
[www.youtube.com/s/desktop/d743f786/jsbin/www-i18n-constants-en_US.vflset/www-i18n-constants.js]
[www.youtube.com/s/desktop/d743f786/jsbin/www-tampering.vflset/www-tampering.js]
[www.youtube.com/s/desktop/d743f786/jsbin/spf.vflset/spf.js]
[www.youtube.com/s/desktop/d743f786/jsbin/network.vflset/network.js]
[www.youtube.com/s/desktop/d743f786/jsbin/desktop_polymer_inlined_html_polymer_flags_legacy_browsers.vflset/desktop_polymer_inlined_html_polymer_flags_legacy_browsers.js]
[www.youtube.com/channel/android-app_/com.google.android.youtube/http/www.youtube.com/channel/UC_9XIWriOUiRtuTR3GPWlEg.7e.delayed]
[www.youtube.com/channel/ios-app_/544007664/vnd.youtube/www.youtube.com/channel/UC_9XIWriOUiRtuTR3GPWlEg.80.delayed]
[www.youtube.com/channel/UC_9XIWriOUiRtuTR3GPWlEg.html]
[open.spotify.com/track/4c9353f3wlw6WTk3qWdTrc.html]
[open.spotify.com/track/5azI4cZMifEtFyzhjKImId.html]
[open.spotify.com/track/android-app_/com.spotify.music/spotify/track/5azI4cZMifEtFyzhjKImId.84.delayed]
[open.scdn.co/cdn/js/gtag.16935790.js]
[www.googletagmanager.com/gtag/js0dc4]
[open.scdn.co/cdn/build/open/open.2434186b.css]
[open.scdn.co/cdn/images/favicon.0c211e2e.png]
[open.scdn.co/cdn/images/touch-icon-144.36faaf96.png]
[open.scdn.co/cdn/images/touch-icon-114.0d424df2.png]
[open.scdn.co/cdn/images/touch-icon-72.cffecbdb.png]
[open.scdn.co/cdn/images/touch-icon-57.5460f415.png]
[open.scdn.co/cdn/build/open/open.2434186b.js]
[open.scdn.co/cdn/build/open/vendor_open.bf9aa306.js]
[connect.facebook.net/en_US/fbevents.js]
[sb.scorecardresearch.com/beacon.js]
[open.spotify.com/track/4c9353f3wlw6WTk3qWdTrccfdd.html]
[samandsounds.com/wp-content/themes/vex/icons/fonts/icomoon.svg]
[samandsounds.com/wp-content/themes/vex/images/lines.svg]
[samandsounds.com/wp-content/plugins/elementor/assets/lib/eicons/fonts/eiconsc2cd.svg]
[samandsounds.com/indexf652.html]
[samandsounds.com/index0449.html]
[samandsounds.com/index51fe.html]
[samandsounds.com/indexb1f0.html]
[samandsounds.com/category/addicted-to-you/feed/index.html]
[s3.amazonaws.com/ki.js/51746/b0R.js]
[samandsounds.com/wp-json/wp/v2/categories/30.json]
[samandsounds.com/category/addicted-to-you/index.html]
[samandsounds.com/addicted-to-you-sam-and-sounds/indexec27.html]
[samandsounds.com/addicted-to-you-sam-and-sounds/indexdefb.html]
[samandsounds.com/addicted-to-you-sam-and-sounds/index6d69.html]
[samandsounds.com/indexf034.html]
[samandsounds.com/indexae74.html]
[fonts.googleapis.com/css8e24.css]
[fonts.googleapis.com/css2395.css]
[www.youtube.com/s/desktop/d743f786/cssbin/www-onepick.css]
[samandsounds.com/2020/05/index.html]
[www.youtube.com/channel/android-app_/com.google.android.youtube/http/www.youtube.com/channel/UC_9XIWriOUiRtuTR3GPWlEg.html]
[www.youtube.com/channel/ios-app_/544007664/vnd.youtube/www.youtube.com/channel/UC_9XIWriOUiRtuTR3GPWlEg.html]
[www.youtube.com/s/desktop/d743f786/cssbin/www-main-desktop-watch-page-skeleton.css]
[open.spotify.com/track/4c9353f3wlw6WTk3qWdTrc.html]
[open.spotify.com/track/5azI4cZMifEtFyzhjKImId.html]
[open.spotify.com/track/android-app_/com.spotify.music/spotify/track/5azI4cZMifEtFyzhjKImId.html]
[open.scdn.co/cdn/build/open/open.2434186b.css]
[open.spotify.com/track/POST.93.delayed]
[connect.facebook.net/en_US/fbevents.js]
[sb.scorecardresearch.com/beacon.js]
[samandsounds.com/2020/05/index.html]
[open.spotify.com/track/POST.html]
